feature_windows/build/intermediates/manifest_merge_blame_file/debug/processDebugManifest/manifest-merger-blame-debug-report.txt
1<?xml version="1.0" encoding="utf-8"?>
2<manifest xmlns:android="http://schemas.android.com/apk/res/android"
3    package="com.avetiso.feature_windows" >
4
5    <uses-sdk android:minSdkVersion="24" />
6
7    <application
7-->src/main/AndroidManifest.xml:4:5-6:38
8        android:label="@string/app_name"
8-->src/main/AndroidManifest.xml:5:9-41
9        android:supportsRtl="true" />
9-->src/main/AndroidManifest.xml:6:9-35
10
11</manifest>